This file contains any messages produced by compilers while
running configure, to aid debugging if configure makes a mistake.

It was created by configure, which was
generated by GNU Autoconf 2.63.  Invocation command line was

  $ ./configure --with-tcl=../../tcl8.4.19

## --------- ##
## Platform. ##
## --------- ##

hostname = kharagpur
uname -m = i686
uname -r = 2.6.32-4-pve
uname -s = Linux
uname -v = #1 SMP Mon May 9 12:59:57 CEST 2011

/usr/bin/uname -p = unknown
/bin/uname -X     = unknown

/bin/arch              = unknown
/usr/bin/arch -k       = unknown
/usr/convex/getsysinfo = unknown
/usr/bin/hostinfo      = unknown
/bin/machine           = unknown
/usr/bin/oslevel       = unknown
/bin/universe          = unknown

PATH: /usr/local/sbin
PATH: /usr/local/bin
PATH: /usr/sbin
PATH: /usr/bin
PATH: /sbin
PATH: /bin
PATH: /usr/games
PATH: /home/barun/Desktop/ns2/ns2_wimax_mannasim/ns-2.34


## ----------- ##
## Core tests. ##
## ----------- ##

configure:1933: checking for gcc
configure:1949: found /usr/bin/gcc
configure:1960: result: gcc
configure:2192: checking for C compiler version
configure:2200: gcc --version >&5
gcc (Ubuntu 4.4.3-4ubuntu5) 4.4.3
Copyright (C) 2009 Free Software Foundation, Inc.
This is free software; see the source for copying conditions.  There is NO
warranty; not even for MERCHANTABILITY or FITNESS FOR A PARTICULAR PURPOSE.

configure:2204: $? = 0
configure:2211: gcc -v >&5
Using built-in specs.
Target: i486-linux-gnu
Configured with: ../src/configure -v --with-pkgversion='Ubuntu 4.4.3-4ubuntu5' --with-bugurl=file:///usr/share/doc/gcc-4.4/README.Bugs --enable-languages=c,c++,fortran,objc,obj-c++ --prefix=/usr --enable-shared --enable-multiarch --enable-linker-build-id --with-system-zlib --libexecdir=/usr/lib --without-included-gettext --enable-threads=posix --with-gxx-include-dir=/usr/include/c++/4.4 --program-suffix=-4.4 --enable-nls --enable-clocale=gnu --enable-libstdcxx-debug --enable-plugin --enable-objc-gc --enable-targets=all --disable-werror --with-arch-32=i486 --with-tune=generic --enable-checking=release --build=i486-linux-gnu --host=i486-linux-gnu --target=i486-linux-gnu
Thread model: posix
gcc version 4.4.3 (Ubuntu 4.4.3-4ubuntu5) 
configure:2215: $? = 0
configure:2222: gcc -V >&5
gcc: '-V' option must have argument
configure:2226: $? = 1
configure:2249: checking for C compiler default output file name
configure:2271: gcc    conftest.c  >&5
configure:2275: $? = 0
configure:2313: result: a.out
configure:2332: checking whether the C compiler works
configure:2342: ./a.out
configure:2346: $? = 0
configure:2365: result: yes
configure:2372: checking whether we are cross compiling
configure:2374: result: no
configure:2377: checking for suffix of executables
configure:2384: gcc -o conftest    conftest.c  >&5
configure:2388: $? = 0
configure:2414: result: 
configure:2420: checking for suffix of object files
configure:2446: gcc -c   conftest.c >&5
configure:2450: $? = 0
configure:2475: result: o
configure:2479: checking whether we are using the GNU C compiler
configure:2508: gcc -c   conftest.c >&5
configure:2515: $? = 0
configure:2532: result: yes
configure:2541: checking whether gcc accepts -g
configure:2571: gcc -c -g  conftest.c >&5
configure:2578: $? = 0
configure:2679: result: yes
configure:2696: checking for gcc option to accept ISO C89
configure:2770: gcc  -c -g -O2  conftest.c >&5
configure:2777: $? = 0
configure:2800: result: none needed
configure:2824: checking how to run the C preprocessor
configure:2864: gcc -E  conftest.c
configure:2871: $? = 0
configure:2902: gcc -E  conftest.c
conftest.c:8:28: error: ac_nonexistent.h: No such file or directory
configure:2909: $? = 1
configure: failed program was:
| /* confdefs.h.  */
| #define PACKAGE_NAME ""
| #define PACKAGE_TARNAME ""
| #define PACKAGE_VERSION ""
| #define PACKAGE_STRING ""
| #define PACKAGE_BUGREPORT ""
| /* end confdefs.h.  */
| #include <ac_nonexistent.h>
configure:2942: result: gcc -E
configure:2971: gcc -E  conftest.c
configure:2978: $? = 0
configure:3009: gcc -E  conftest.c
conftest.c:8:28: error: ac_nonexistent.h: No such file or directory
configure:3016: $? = 1
configure: failed program was:
| /* confdefs.h.  */
| #define PACKAGE_NAME ""
| #define PACKAGE_TARNAME ""
| #define PACKAGE_VERSION ""
| #define PACKAGE_STRING ""
| #define PACKAGE_BUGREPORT ""
| /* end confdefs.h.  */
| #include <ac_nonexistent.h>
configure:3056: checking for grep that handles long lines and -e
configure:3116: result: /bin/grep
configure:3121: checking for egrep
configure:3185: result: /bin/grep -E
configure:3190: checking for ANSI C header files
configure:3220: gcc -c -g -O2  conftest.c >&5
configure:3227: $? = 0
configure:3326: gcc -o conftest -g -O2   conftest.c  >&5
configure:3330: $? = 0
configure:3336: ./conftest
configure:3340: $? = 0
configure:3358: result: yes
configure:3382: checking for sys/types.h
configure:3403: gcc -c -g -O2  conftest.c >&5
configure:3410: $? = 0
configure:3427: result: yes
configure:3382: checking for sys/stat.h
configure:3403: gcc -c -g -O2  conftest.c >&5
configure:3410: $? = 0
configure:3427: result: yes
configure:3382: checking for stdlib.h
configure:3403: gcc -c -g -O2  conftest.c >&5
configure:3410: $? = 0
configure:3427: result: yes
configure:3382: checking for string.h
configure:3403: gcc -c -g -O2  conftest.c >&5
configure:3410: $? = 0
configure:3427: result: yes
configure:3382: checking for memory.h
configure:3403: gcc -c -g -O2  conftest.c >&5
configure:3410: $? = 0
configure:3427: result: yes
configure:3382: checking for strings.h
configure:3403: gcc -c -g -O2  conftest.c >&5
configure:3410: $? = 0
configure:3427: result: yes
configure:3382: checking for inttypes.h
configure:3403: gcc -c -g -O2  conftest.c >&5
configure:3410: $? = 0
configure:3427: result: yes
configure:3382: checking for stdint.h
configure:3403: gcc -c -g -O2  conftest.c >&5
configure:3410: $? = 0
configure:3427: result: yes
configure:3382: checking for unistd.h
configure:3403: gcc -c -g -O2  conftest.c >&5
configure:3410: $? = 0
configure:3427: result: yes
configure:3452: checking minix/config.h usability
configure:3469: gcc -c -g -O2  conftest.c >&5
conftest.c:51:26: error: minix/config.h: No such file or directory
configure:3476: $? = 1
configure: failed program was:
| /* confdefs.h.  */
| #define PACKAGE_NAME ""
| #define PACKAGE_TARNAME ""
| #define PACKAGE_VERSION ""
| #define PACKAGE_STRING ""
| #define PACKAGE_BUGREPORT ""
| #define STDC_HEADERS 1
| #define HAVE_SYS_TYPES_H 1
| #define HAVE_SYS_STAT_H 1
| #define HAVE_STDLIB_H 1
| #define HAVE_STRING_H 1
| #define HAVE_MEMORY_H 1
| #define HAVE_STRINGS_H 1
| #define HAVE_INTTYPES_H 1
| #define HAVE_STDINT_H 1
| #define HAVE_UNISTD_H 1
| /* end confdefs.h.  */
| #include <stdio.h>
| #ifdef HAVE_SYS_TYPES_H
| # include <sys/types.h>
| #endif
| #ifdef HAVE_SYS_STAT_H
| # include <sys/stat.h>
| #endif
| #ifdef STDC_HEADERS
| # include <stdlib.h>
| # include <stddef.h>
| #else
| # ifdef HAVE_STDLIB_H
| #  include <stdlib.h>
| # endif
| #endif
| #ifdef HAVE_STRING_H
| # if !defined STDC_HEADERS && defined HAVE_MEMORY_H
| #  include <memory.h>
| # endif
| # include <string.h>
| #endif
| #ifdef HAVE_STRINGS_H
| # include <strings.h>
| #endif
| #ifdef HAVE_INTTYPES_H
| # include <inttypes.h>
| #endif
| #ifdef HAVE_STDINT_H
| # include <stdint.h>
| #endif
| #ifdef HAVE_UNISTD_H
| # include <unistd.h>
| #endif
| #include <minix/config.h>
configure:3490: result: no
configure:3494: checking minix/config.h presence
configure:3509: gcc -E  conftest.c
conftest.c:18:26: error: minix/config.h: No such file or directory
configure:3516: $? = 1
configure: failed program was:
| /* confdefs.h.  */
| #define PACKAGE_NAME ""
| #define PACKAGE_TARNAME ""
| #define PACKAGE_VERSION ""
| #define PACKAGE_STRING ""
| #define PACKAGE_BUGREPORT ""
| #define STDC_HEADERS 1
| #define HAVE_SYS_TYPES_H 1
| #define HAVE_SYS_STAT_H 1
| #define HAVE_STDLIB_H 1
| #define HAVE_STRING_H 1
| #define HAVE_MEMORY_H 1
| #define HAVE_STRINGS_H 1
| #define HAVE_INTTYPES_H 1
| #define HAVE_STDINT_H 1
| #define HAVE_UNISTD_H 1
| /* end confdefs.h.  */
| #include <minix/config.h>
configure:3530: result: no
configure:3558: checking for minix/config.h
configure:3565: result: no
configure:3596: checking whether it is safe to define __EXTENSIONS__
configure:3624: gcc -c -g -O2  conftest.c >&5
configure:3631: $? = 0
configure:3646: result: yes
configure:3785: checking build system type
configure:3803: result: i686-pc-linux-gnu
configure:3825: checking host system type
configure:3840: result: i686-pc-linux-gnu
configure:3862: checking target system type
configure:3877: result: i686-pc-linux-gnu
configure:3954: checking for gcc
configure:3981: result: gcc
configure:4213: checking for C compiler version
configure:4221: gcc --version >&5
gcc (Ubuntu 4.4.3-4ubuntu5) 4.4.3
Copyright (C) 2009 Free Software Foundation, Inc.
This is free software; see the source for copying conditions.  There is NO
warranty; not even for MERCHANTABILITY or FITNESS FOR A PARTICULAR PURPOSE.

configure:4225: $? = 0
configure:4232: gcc -v >&5
Using built-in specs.
Target: i486-linux-gnu
Configured with: ../src/configure -v --with-pkgversion='Ubuntu 4.4.3-4ubuntu5' --with-bugurl=file:///usr/share/doc/gcc-4.4/README.Bugs --enable-languages=c,c++,fortran,objc,obj-c++ --prefix=/usr --enable-shared --enable-multiarch --enable-linker-build-id --with-system-zlib --libexecdir=/usr/lib --without-included-gettext --enable-threads=posix --with-gxx-include-dir=/usr/include/c++/4.4 --program-suffix=-4.4 --enable-nls --enable-clocale=gnu --enable-libstdcxx-debug --enable-plugin --enable-objc-gc --enable-targets=all --disable-werror --with-arch-32=i486 --with-tune=generic --enable-checking=release --build=i486-linux-gnu --host=i486-linux-gnu --target=i486-linux-gnu
Thread model: posix
gcc version 4.4.3 (Ubuntu 4.4.3-4ubuntu5) 
configure:4236: $? = 0
configure:4243: gcc -V >&5
gcc: '-V' option must have argument
configure:4247: $? = 1
configure:4250: checking whether we are using the GNU C compiler
configure:4303: result: yes
configure:4312: checking whether gcc accepts -g
configure:4450: result: yes
configure:4467: checking for gcc option to accept ISO C89
configure:4571: result: none needed
configure:4647: checking for g++
configure:4663: found /usr/bin/g++
configure:4674: result: g++
configure:4701: checking for C++ compiler version
configure:4709: g++ --version >&5
g++ (Ubuntu 4.4.3-4ubuntu5) 4.4.3
Copyright (C) 2009 Free Software Foundation, Inc.
This is free software; see the source for copying conditions.  There is NO
warranty; not even for MERCHANTABILITY or FITNESS FOR A PARTICULAR PURPOSE.

configure:4713: $? = 0
configure:4720: g++ -v >&5
Using built-in specs.
Target: i486-linux-gnu
Configured with: ../src/configure -v --with-pkgversion='Ubuntu 4.4.3-4ubuntu5' --with-bugurl=file:///usr/share/doc/gcc-4.4/README.Bugs --enable-languages=c,c++,fortran,objc,obj-c++ --prefix=/usr --enable-shared --enable-multiarch --enable-linker-build-id --with-system-zlib --libexecdir=/usr/lib --without-included-gettext --enable-threads=posix --with-gxx-include-dir=/usr/include/c++/4.4 --program-suffix=-4.4 --enable-nls --enable-clocale=gnu --enable-libstdcxx-debug --enable-plugin --enable-objc-gc --enable-targets=all --disable-werror --with-arch-32=i486 --with-tune=generic --enable-checking=release --build=i486-linux-gnu --host=i486-linux-gnu --target=i486-linux-gnu
Thread model: posix
gcc version 4.4.3 (Ubuntu 4.4.3-4ubuntu5) 
configure:4724: $? = 0
configure:4731: g++ -V >&5
g++: '-V' option must have argument
configure:4735: $? = 1
configure:4738: checking whether we are using the GNU C++ compiler
configure:4767: g++ -c   conftest.cpp >&5
configure:4774: $? = 0
configure:4791: result: yes
configure:4800: checking whether g++ accepts -g
configure:4830: g++ -c -g  conftest.cpp >&5
configure:4837: $? = 0
configure:4938: result: yes
configure:4961: checking for ANSI C header files
configure:5129: result: yes
configure:5144: checking for string.h
configure:5151: result: yes
configure:5295: checking for main in -lXbsd
configure:5324: gcc -o conftest -g -O2   conftest.c -lXbsd   >&5
/usr/bin/ld: cannot find -lXbsd
collect2: ld returned 1 exit status
configure:5331: $? = 1
configure: failed program was:
| /* confdefs.h.  */
| #define PACKAGE_NAME ""
| #define PACKAGE_TARNAME ""
| #define PACKAGE_VERSION ""
| #define PACKAGE_STRING ""
| #define PACKAGE_BUGREPORT ""
| #define STDC_HEADERS 1
| #define HAVE_SYS_TYPES_H 1
| #define HAVE_SYS_STAT_H 1
| #define HAVE_STDLIB_H 1
| #define HAVE_STRING_H 1
| #define HAVE_MEMORY_H 1
| #define HAVE_STRINGS_H 1
| #define HAVE_INTTYPES_H 1
| #define HAVE_STDINT_H 1
| #define HAVE_UNISTD_H 1
| #define __EXTENSIONS__ 1
| #define _ALL_SOURCE 1
| #define _GNU_SOURCE 1
| #define _POSIX_PTHREAD_SEMANTICS 1
| #define _TANDEM_SOURCE 1
| #define STDC_HEADERS 1
| #define HAVE_STRING_H 1
| /* end confdefs.h.  */
| 
| 
| int
| main ()
| {
| return main ();
|   ;
|   return 0;
| }
configure:5352: result: no
configure:5358: checking for socket in -lsocket
configure:5393: gcc -o conftest -g -O2   conftest.c -lsocket   >&5
/usr/bin/ld: cannot find -lsocket
collect2: ld returned 1 exit status
configure:5400: $? = 1
configure: failed program was:
| /* confdefs.h.  */
| #define PACKAGE_NAME ""
| #define PACKAGE_TARNAME ""
| #define PACKAGE_VERSION ""
| #define PACKAGE_STRING ""
| #define PACKAGE_BUGREPORT ""
| #define STDC_HEADERS 1
| #define HAVE_SYS_TYPES_H 1
| #define HAVE_SYS_STAT_H 1
| #define HAVE_STDLIB_H 1
| #define HAVE_STRING_H 1
| #define HAVE_MEMORY_H 1
| #define HAVE_STRINGS_H 1
| #define HAVE_INTTYPES_H 1
| #define HAVE_STDINT_H 1
| #define HAVE_UNISTD_H 1
| #define __EXTENSIONS__ 1
| #define _ALL_SOURCE 1
| #define _GNU_SOURCE 1
| #define _POSIX_PTHREAD_SEMANTICS 1
| #define _TANDEM_SOURCE 1
| #define STDC_HEADERS 1
| #define HAVE_STRING_H 1
| /* end confdefs.h.  */
| 
| /* Override any GCC internal prototype to avoid an error.
|    Use char because int might match the return type of a GCC
|    builtin and then its argument prototype would still apply.  */
| #ifdef __cplusplus
| extern "C"
| #endif
| char socket ();
| int
| main ()
| {
| return socket ();
|   ;
|   return 0;
| }
configure:5421: result: no
configure:5427: checking for gethostbyname in -lnsl
configure:5462: gcc -o conftest -g -O2   conftest.c -lnsl   >&5
configure:5469: $? = 0
configure:5490: result: yes
configure:5496: checking for dcgettext in -lintl
configure:5531: gcc -o conftest -g -O2   conftest.c -lintl   >&5
conftest.c:32: warning: conflicting types for built-in function 'dcgettext'
/usr/bin/ld: cannot find -lintl
collect2: ld returned 1 exit status
configure:5538: $? = 1
configure: failed program was:
| /* confdefs.h.  */
| #define PACKAGE_NAME ""
| #define PACKAGE_TARNAME ""
| #define PACKAGE_VERSION ""
| #define PACKAGE_STRING ""
| #define PACKAGE_BUGREPORT ""
| #define STDC_HEADERS 1
| #define HAVE_SYS_TYPES_H 1
| #define HAVE_SYS_STAT_H 1
| #define HAVE_STDLIB_H 1
| #define HAVE_STRING_H 1
| #define HAVE_MEMORY_H 1
| #define HAVE_STRINGS_H 1
| #define HAVE_INTTYPES_H 1
| #define HAVE_STDINT_H 1
| #define HAVE_UNISTD_H 1
| #define __EXTENSIONS__ 1
| #define _ALL_SOURCE 1
| #define _GNU_SOURCE 1
| #define _POSIX_PTHREAD_SEMANTICS 1
| #define _TANDEM_SOURCE 1
| #define STDC_HEADERS 1
| #define HAVE_STRING_H 1
| /* end confdefs.h.  */
| 
| /* Override any GCC internal prototype to avoid an error.
|    Use char because int might match the return type of a GCC
|    builtin and then its argument prototype would still apply.  */
| #ifdef __cplusplus
| extern "C"
| #endif
| char dcgettext ();
| int
| main ()
| {
| return dcgettext ();
|   ;
|   return 0;
| }
configure:5559: result: no
configure:5565: checking for getnodebyname in -ldnet_stub
configure:5600: gcc -o conftest -g -O2   conftest.c -ldnet_stub   >&5
/usr/bin/ld: cannot find -ldnet_stub
collect2: ld returned 1 exit status
configure:5607: $? = 1
configure: failed program was:
| /* confdefs.h.  */
| #define PACKAGE_NAME ""
| #define PACKAGE_TARNAME ""
| #define PACKAGE_VERSION ""
| #define PACKAGE_STRING ""
| #define PACKAGE_BUGREPORT ""
| #define STDC_HEADERS 1
| #define HAVE_SYS_TYPES_H 1
| #define HAVE_SYS_STAT_H 1
| #define HAVE_STDLIB_H 1
| #define HAVE_STRING_H 1
| #define HAVE_MEMORY_H 1
| #define HAVE_STRINGS_H 1
| #define HAVE_INTTYPES_H 1
| #define HAVE_STDINT_H 1
| #define HAVE_UNISTD_H 1
| #define __EXTENSIONS__ 1
| #define _ALL_SOURCE 1
| #define _GNU_SOURCE 1
| #define _POSIX_PTHREAD_SEMANTICS 1
| #define _TANDEM_SOURCE 1
| #define STDC_HEADERS 1
| #define HAVE_STRING_H 1
| /* end confdefs.h.  */
| 
| /* Override any GCC internal prototype to avoid an error.
|    Use char because int might match the return type of a GCC
|    builtin and then its argument prototype would still apply.  */
| #ifdef __cplusplus
| extern "C"
| #endif
| char getnodebyname ();
| int
| main ()
| {
| return getnodebyname ();
|   ;
|   return 0;
| }
configure:5628: result: no
configure:5674: checking that g++ can handle -O2
configure:5705: gcc -c -g -O2  conftest.c >&5
conftest.c: In function 'main':
conftest.c:31: error: 'error' undeclared (first use in this function)
conftest.c:31: error: (Each undeclared identifier is reported only once
conftest.c:31: error: for each function it appears in.)
conftest.c:35: error: expected ';' before 'int'
configure:5712: $? = 1
configure: failed program was:
| /* confdefs.h.  */
| #define PACKAGE_NAME ""
| #define PACKAGE_TARNAME ""
| #define PACKAGE_VERSION ""
| #define PACKAGE_STRING ""
| #define PACKAGE_BUGREPORT ""
| #define STDC_HEADERS 1
| #define HAVE_SYS_TYPES_H 1
| #define HAVE_SYS_STAT_H 1
| #define HAVE_STDLIB_H 1
| #define HAVE_STRING_H 1
| #define HAVE_MEMORY_H 1
| #define HAVE_STRINGS_H 1
| #define HAVE_INTTYPES_H 1
| #define HAVE_STDINT_H 1
| #define HAVE_UNISTD_H 1
| #define __EXTENSIONS__ 1
| #define _ALL_SOURCE 1
| #define _GNU_SOURCE 1
| #define _POSIX_PTHREAD_SEMANTICS 1
| #define _TANDEM_SOURCE 1
| #define STDC_HEADERS 1
| #define HAVE_STRING_H 1
| /* end confdefs.h.  */
| 
| int
| main ()
| {
| #if __GNUC__ < 2  || __GNUC_MINOR__ < 8
| 		/* gcc */
| 		error
| 		#endif
| 		#if __GNUC_MINOR__ < 92
| 		/* egcs */
| 		int error;
| 		#endif
| 
|   ;
|   return 0;
| }
configure:5725: result: no
configure:5841: checking if C++ libraries work without any namespace
configure:5867: g++ -c -g -O2  conftest.cpp >&5
conftest.cpp: In function 'int main()':
conftest.cpp:30: error: 'cout' was not declared in this scope
configure:5874: $? = 1
configure: failed program was:
| /* confdefs.h.  */
| #define PACKAGE_NAME ""
| #define PACKAGE_TARNAME ""
| #define PACKAGE_VERSION ""
| #define PACKAGE_STRING ""
| #define PACKAGE_BUGREPORT ""
| #define STDC_HEADERS 1
| #define HAVE_SYS_TYPES_H 1
| #define HAVE_SYS_STAT_H 1
| #define HAVE_STDLIB_H 1
| #define HAVE_STRING_H 1
| #define HAVE_MEMORY_H 1
| #define HAVE_STRINGS_H 1
| #define HAVE_INTTYPES_H 1
| #define HAVE_STDINT_H 1
| #define HAVE_UNISTD_H 1
| #define __EXTENSIONS__ 1
| #define _ALL_SOURCE 1
| #define _GNU_SOURCE 1
| #define _POSIX_PTHREAD_SEMANTICS 1
| #define _TANDEM_SOURCE 1
| #define STDC_HEADERS 1
| #define HAVE_STRING_H 1
| /* end confdefs.h.  */
| #include <iostream>
| 
| int
| main ()
| {
| cout.fail();
| 
|   ;
|   return 0;
| }
configure:5887: result: no
configure:5896: checking if C++ libraries work with namespace std
configure:5922: g++ -c -g -O2  conftest.cpp >&5
configure:5929: $? = 0
configure:5934: result: yes
configure:5952: checking if STL works without any namespace
configure:5977: g++ -c -g -O2  conftest.cpp >&5
conftest.cpp: In function 'int main()':
conftest.cpp:30: error: 'list' was not declared in this scope
conftest.cpp:30: error: expected primary-expression before 'int'
conftest.cpp:30: error: expected ';' before 'int'
configure:5984: $? = 1
configure: failed program was:
| /* confdefs.h.  */
| #define PACKAGE_NAME ""
| #define PACKAGE_TARNAME ""
| #define PACKAGE_VERSION ""
| #define PACKAGE_STRING ""
| #define PACKAGE_BUGREPORT ""
| #define STDC_HEADERS 1
| #define HAVE_SYS_TYPES_H 1
| #define HAVE_SYS_STAT_H 1
| #define HAVE_STDLIB_H 1
| #define HAVE_STRING_H 1
| #define HAVE_MEMORY_H 1
| #define HAVE_STRINGS_H 1
| #define HAVE_INTTYPES_H 1
| #define HAVE_STDINT_H 1
| #define HAVE_UNISTD_H 1
| #define __EXTENSIONS__ 1
| #define _ALL_SOURCE 1
| #define _GNU_SOURCE 1
| #define _POSIX_PTHREAD_SEMANTICS 1
| #define _TANDEM_SOURCE 1
| #define STDC_HEADERS 1
| #define HAVE_STRING_H 1
| /* end confdefs.h.  */
| #include <list>
| 
| int
| main ()
| {
| list<int> test;
| 
|   ;
|   return 0;
| }
configure:5997: result: no
configure:6006: checking if STL works with namespace std
configure:6032: g++ -c -g -O2  conftest.cpp >&5
configure:6039: $? = 0
configure:6044: result: yes
configure:6123: checking should use STL
configure:6147: result: yes
configure:6394: checking for tcl.h
configure:6447: result: -I../../tcl8.4.19/generic
configure:6453: checking for tclInt.h
configure:6506: result: -I../../tcl8.4.19/generic
configure:6512: checking for libtcl8.4
configure:6576: result: -L../../tcl8.4.19/unix -ltcl8.4
configure:6582: checking for init.tcl
configure:6621: result: /usr/local/lib/tcl8.4
configure:6638: checking for http.tcl
configure:6677: result: /usr/local/lib/tcl8.4/http1.0
configure:6682: checking Tcl http.tcl library
configure:6686: result: yes
configure:6709: checking for tclsh8.4.18
configure:6742: result: no
configure:6709: checking for tclsh8.4
configure:6727: found /usr/local/bin/tclsh8.4
configure:6739: result: /usr/local/bin/tclsh8.4
configure:6979: checking for tk.h
configure:7032: result: -I/usr/local/include
configure:7038: checking for libtk8.4
configure:7102: result: -L/usr/local/lib -ltk8.4
configure:7108: checking for tk.tcl
configure:7147: result: /usr/local/lib/tk8.4
configure:7246: checking for otcl.h
configure:7299: result: -I/usr/local/include
configure:7305: checking for libotcl1.13
configure:7369: result: -L/usr/local/lib -lotcl
configure:7496: checking for tclcl.h
configure:7549: result: -I/usr/local/include
configure:7555: checking for libtclcl
configure:7619: result: -L/usr/local/lib -ltclcl
configure:7625: checking for tcl2c++
configure:7664: result: /usr/local/bin
configure:7872: gcc -E  conftest.c
configure:7879: $? = 0
configure:7913: checking for XOpenDisplay in -lX11
configure:7948: gcc -o conftest -g -O2   conftest.c -lX11   >&5
configure:7955: $? = 0
configure:7976: result: yes
configure:8002: checking for XShmAttach in -lXext
configure:8037: gcc -o conftest -g -O2   conftest.c -lXext -lX11  >&5
configure:8044: $? = 0
configure:8065: result: yes
configure:8136: checking for libtcldbg
configure:8181: result: no
configure:8291: checking dmalloc
configure:8293: result: not requested with --with-dmalloc
configure:8574: checking for perl
configure:8613: result: /usr/bin
/usr/bin/perl -e require 5.002
configure:8722: checking for ANSI C header files
configure:8890: result: yes
configure:8924: checking arpa/inet.h usability
configure:8941: gcc -c -g -O2  conftest.c >&5
configure:8948: $? = 0
configure:8962: result: yes
configure:8966: checking arpa/inet.h presence
configure:8981: gcc -E  conftest.c
configure:8988: $? = 0
configure:9002: result: yes
configure:9030: checking for arpa/inet.h
configure:9039: result: yes
configure:8924: checking fenv.h usability
configure:8941: gcc -c -g -O2  conftest.c >&5
configure:8948: $? = 0
configure:8962: result: yes
configure:8966: checking fenv.h presence
configure:8981: gcc -E  conftest.c
configure:8988: $? = 0
configure:9002: result: yes
configure:9030: checking for fenv.h
configure:9039: result: yes
configure:8924: checking netinet/in.h usability
configure:8941: gcc -c -g -O2  conftest.c >&5
configure:8948: $? = 0
configure:8962: result: yes
configure:8966: checking netinet/in.h presence
configure:8981: gcc -E  conftest.c
configure:8988: $? = 0
configure:9002: result: yes
configure:9030: checking for netinet/in.h
configure:9039: result: yes
configure:8913: checking for string.h
configure:8920: result: yes
configure:8913: checking for strings.h
configure:8920: result: yes
configure:8924: checking time.h usability
configure:8941: gcc -c -g -O2  conftest.c >&5
configure:8948: $? = 0
configure:8962: result: yes
configure:8966: checking time.h presence
configure:8981: gcc -E  conftest.c
configure:8988: $? = 0
configure:9002: result: yes
configure:9030: checking for time.h
configure:9039: result: yes
configure:8913: checking for unistd.h
configure:8920: result: yes
configure:8924: checking net/ethernet.h usability
configure:8941: gcc -c -g -O2  conftest.c >&5
configure:8948: $? = 0
configure:8962: result: yes
configure:8966: checking net/ethernet.h presence
configure:8981: gcc -E  conftest.c
configure:8988: $? = 0
configure:9002: result: yes
configure:9030: checking for net/ethernet.h
configure:9039: result: yes
configure:9055: checking for main in -lm
configure:9084: gcc -o conftest -g -O2   conftest.c -lm   >&5
configure:9091: $? = 0
configure:9112: result: yes
configure:9137: checking for bcopy
configure:9193: gcc -o conftest -g -O2   conftest.c -lm  >&5
conftest.c:69: warning: conflicting types for built-in function 'bcopy'
configure:9200: $? = 0
configure:9222: result: yes
configure:9137: checking for bzero
configure:9193: gcc -o conftest -g -O2   conftest.c -lm  >&5
conftest.c:70: warning: conflicting types for built-in function 'bzero'
configure:9200: $? = 0
configure:9222: result: yes
configure:9137: checking for fesetprecision
configure:9193: gcc -o conftest -g -O2   conftest.c -lm  >&5
/tmp/ccmrBoBb.o: In function `main':
/home/barun/Desktop/ns2/_ns2_wimax_mannasim_bluetooth/ns-2.34/conftest.c:82: undefined reference to `fesetprecision'
collect2: ld returned 1 exit status
configure:9200: $? = 1
configure: failed program was:
| /* confdefs.h.  */
| #define PACKAGE_NAME ""
| #define PACKAGE_TARNAME ""
| #define PACKAGE_VERSION ""
| #define PACKAGE_STRING ""
| #define PACKAGE_BUGREPORT ""
| #define STDC_HEADERS 1
| #define HAVE_SYS_TYPES_H 1
| #define HAVE_SYS_STAT_H 1
| #define HAVE_STDLIB_H 1
| #define HAVE_STRING_H 1
| #define HAVE_MEMORY_H 1
| #define HAVE_STRINGS_H 1
| #define HAVE_INTTYPES_H 1
| #define HAVE_STDINT_H 1
| #define HAVE_UNISTD_H 1
| #define __EXTENSIONS__ 1
| #define _ALL_SOURCE 1
| #define _GNU_SOURCE 1
| #define _POSIX_PTHREAD_SEMANTICS 1
| #define _TANDEM_SOURCE 1
| #define STDC_HEADERS 1
| #define HAVE_STRING_H 1
| #define HAVE_STL 1
| #define CPP_REQUIRES_NAMESPACE 1
| #define HAVE_TCL_H 1
| #define HAVE_TCLINT_H 1
| #define HAVE_LIBTCL8_4 1
| #define HAVE_TK_H 1
| #define HAVE_LIBTK8_4 1
| #define HAVE_OTCL_H 1
| #define HAVE_LIBOTCL1_13 1
| #define HAVE_TCLCL_H 1
| #define HAVE_LIBTCLCL 1
| #define STDC_HEADERS 1
| #define HAVE_ARPA_INET_H 1
| #define HAVE_FENV_H 1
| #define HAVE_NETINET_IN_H 1
| #define HAVE_STRING_H 1
| #define HAVE_STRINGS_H 1
| #define HAVE_TIME_H 1
| #define HAVE_UNISTD_H 1
| #define HAVE_NET_ETHERNET_H 1
| #define HAVE_LIBM 1
| #define HAVE_BCOPY 1
| #define HAVE_BZERO 1
| /* end confdefs.h.  */
| /* Define fesetprecision to an innocuous variant, in case <limits.h> declares fesetprecision.
|    For example, HP-UX 11i <limits.h> declares gettimeofday.  */
| #define fesetprecision innocuous_fesetprecision
| 
| /* System header to define __stub macros and hopefully few prototypes,
|     which can conflict with char fesetprecision (); below.
|     Prefer <limits.h> to <assert.h> if __STDC__ is defined, since
|     <limits.h> exists even on freestanding compilers.  */
| 
| #ifdef __STDC__
| # include <limits.h>
| #else
| # include <assert.h>
| #endif
| 
| #undef fesetprecision
| 
| /* Override any GCC internal prototype to avoid an error.
|    Use char because int might match the return type of a GCC
|    builtin and then its argument prototype would still apply.  */
| #ifdef __cplusplus
| extern "C"
| #endif
| char fesetprecision ();
| /* The GNU C library defines this for functions which it implements
|     to always fail with ENOSYS.  Some functions are actually named
|     something starting with __ and the normal name is an alias.  */
| #if defined __stub_fesetprecision || defined __stub___fesetprecision
| choke me
| #endif
| 
| int
| main ()
| {
| return fesetprecision ();
|   ;
|   return 0;
| }
configure:9222: result: no
configure:9137: checking for feenableexcept
configure:9193: gcc -o conftest -g -O2   conftest.c -lm  >&5
configure:9200: $? = 0
configure:9222: result: yes
configure:9137: checking for getrusage
configure:9193: gcc -o conftest -g -O2   conftest.c -lm  >&5
configure:9200: $? = 0
configure:9222: result: yes
configure:9137: checking for sbrk
configure:9193: gcc -o conftest -g -O2   conftest.c -lm  >&5
configure:9200: $? = 0
configure:9222: result: yes
configure:9137: checking for snprintf
configure:9193: gcc -o conftest -g -O2   conftest.c -lm  >&5
conftest.c:74: warning: conflicting types for built-in function 'snprintf'
configure:9200: $? = 0
configure:9222: result: yes
configure:9235: checking return type of random
configure:9265: gcc -o conftest -g -O2   conftest.c -lm  >&5
configure:9269: $? = 0
configure:9275: ./conftest
configure:9279: $? = 0
configure:9281: result: long
configure:9308: checking for int8_t
configure:9336: gcc -c -g -O2  conftest.c >&5
configure:9343: $? = 0
configure:9370: gcc -c -g -O2  conftest.c >&5
conftest.c: In function 'main':
conftest.c:89: error: expected expression before ')' token
configure:9377: $? = 1
configure: failed program was:
| /* confdefs.h.  */
| #define PACKAGE_NAME ""
| #define PACKAGE_TARNAME ""
| #define PACKAGE_VERSION ""
| #define PACKAGE_STRING ""
| #define PACKAGE_BUGREPORT ""
| #define STDC_HEADERS 1
| #define HAVE_SYS_TYPES_H 1
| #define HAVE_SYS_STAT_H 1
| #define HAVE_STDLIB_H 1
| #define HAVE_STRING_H 1
| #define HAVE_MEMORY_H 1
| #define HAVE_STRINGS_H 1
| #define HAVE_INTTYPES_H 1
| #define HAVE_STDINT_H 1
| #define HAVE_UNISTD_H 1
| #define __EXTENSIONS__ 1
| #define _ALL_SOURCE 1
| #define _GNU_SOURCE 1
| #define _POSIX_PTHREAD_SEMANTICS 1
| #define _TANDEM_SOURCE 1
| #define STDC_HEADERS 1
| #define HAVE_STRING_H 1
| #define HAVE_STL 1
| #define CPP_REQUIRES_NAMESPACE 1
| #define HAVE_TCL_H 1
| #define HAVE_TCLINT_H 1
| #define HAVE_LIBTCL8_4 1
| #define HAVE_TK_H 1
| #define HAVE_LIBTK8_4 1
| #define HAVE_OTCL_H 1
| #define HAVE_LIBOTCL1_13 1
| #define HAVE_TCLCL_H 1
| #define HAVE_LIBTCLCL 1
| #define STDC_HEADERS 1
| #define HAVE_ARPA_INET_H 1
| #define HAVE_FENV_H 1
| #define HAVE_NETINET_IN_H 1
| #define HAVE_STRING_H 1
| #define HAVE_STRINGS_H 1
| #define HAVE_TIME_H 1
| #define HAVE_UNISTD_H 1
| #define HAVE_NET_ETHERNET_H 1
| #define HAVE_LIBM 1
| #define HAVE_BCOPY 1
| #define HAVE_BZERO 1
| #define HAVE_FEENABLEEXCEPT 1
| #define HAVE_GETRUSAGE 1
| #define HAVE_SBRK 1
| #define HAVE_SNPRINTF 1
| #define RANDOM_RETURN_TYPE long
| /* end confdefs.h.  */
| #include <stdio.h>
| #ifdef HAVE_SYS_TYPES_H
| # include <sys/types.h>
| #endif
| #ifdef HAVE_SYS_STAT_H
| # include <sys/stat.h>
| #endif
| #ifdef STDC_HEADERS
| # include <stdlib.h>
| # include <stddef.h>
| #else
| # ifdef HAVE_STDLIB_H
| #  include <stdlib.h>
| # endif
| #endif
| #ifdef HAVE_STRING_H
| # if !defined STDC_HEADERS && defined HAVE_MEMORY_H
| #  include <memory.h>
| # endif
| # include <string.h>
| #endif
| #ifdef HAVE_STRINGS_H
| # include <strings.h>
| #endif
| #ifdef HAVE_INTTYPES_H
| # include <inttypes.h>
| #endif
| #ifdef HAVE_STDINT_H
| # include <stdint.h>
| #endif
| #ifdef HAVE_UNISTD_H
| # include <unistd.h>
| #endif
| int
| main ()
| {
| if (sizeof ((int8_t)))
| 	  return 0;
|   ;
|   return 0;
| }
configure:9400: result: yes
configure:9412: checking for int16_t
configure:9440: gcc -c -g -O2  conftest.c >&5
configure:9447: $? = 0
configure:9474: gcc -c -g -O2  conftest.c >&5
conftest.c: In function 'main':
conftest.c:89: error: expected expression before ')' token
configure:9481: $? = 1
configure: failed program was:
| /* confdefs.h.  */
| #define PACKAGE_NAME ""
| #define PACKAGE_TARNAME ""
| #define PACKAGE_VERSION ""
| #define PACKAGE_STRING ""
| #define PACKAGE_BUGREPORT ""
| #define STDC_HEADERS 1
| #define HAVE_SYS_TYPES_H 1
| #define HAVE_SYS_STAT_H 1
| #define HAVE_STDLIB_H 1
| #define HAVE_STRING_H 1
| #define HAVE_MEMORY_H 1
| #define HAVE_STRINGS_H 1
| #define HAVE_INTTYPES_H 1
| #define HAVE_STDINT_H 1
| #define HAVE_UNISTD_H 1
| #define __EXTENSIONS__ 1
| #define _ALL_SOURCE 1
| #define _GNU_SOURCE 1
| #define _POSIX_PTHREAD_SEMANTICS 1
| #define _TANDEM_SOURCE 1
| #define STDC_HEADERS 1
| #define HAVE_STRING_H 1
| #define HAVE_STL 1
| #define CPP_REQUIRES_NAMESPACE 1
| #define HAVE_TCL_H 1
| #define HAVE_TCLINT_H 1
| #define HAVE_LIBTCL8_4 1
| #define HAVE_TK_H 1
| #define HAVE_LIBTK8_4 1
| #define HAVE_OTCL_H 1
| #define HAVE_LIBOTCL1_13 1
| #define HAVE_TCLCL_H 1
| #define HAVE_LIBTCLCL 1
| #define STDC_HEADERS 1
| #define HAVE_ARPA_INET_H 1
| #define HAVE_FENV_H 1
| #define HAVE_NETINET_IN_H 1
| #define HAVE_STRING_H 1
| #define HAVE_STRINGS_H 1
| #define HAVE_TIME_H 1
| #define HAVE_UNISTD_H 1
| #define HAVE_NET_ETHERNET_H 1
| #define HAVE_LIBM 1
| #define HAVE_BCOPY 1
| #define HAVE_BZERO 1
| #define HAVE_FEENABLEEXCEPT 1
| #define HAVE_GETRUSAGE 1
| #define HAVE_SBRK 1
| #define HAVE_SNPRINTF 1
| #define RANDOM_RETURN_TYPE long
| /* end confdefs.h.  */
| #include <stdio.h>
| #ifdef HAVE_SYS_TYPES_H
| # include <sys/types.h>
| #endif
| #ifdef HAVE_SYS_STAT_H
| # include <sys/stat.h>
| #endif
| #ifdef STDC_HEADERS
| # include <stdlib.h>
| # include <stddef.h>
| #else
| # ifdef HAVE_STDLIB_H
| #  include <stdlib.h>
| # endif
| #endif
| #ifdef HAVE_STRING_H
| # if !defined STDC_HEADERS && defined HAVE_MEMORY_H
| #  include <memory.h>
| # endif
| # include <string.h>
| #endif
| #ifdef HAVE_STRINGS_H
| # include <strings.h>
| #endif
| #ifdef HAVE_INTTYPES_H
| # include <inttypes.h>
| #endif
| #ifdef HAVE_STDINT_H
| # include <stdint.h>
| #endif
| #ifdef HAVE_UNISTD_H
| # include <unistd.h>
| #endif
| int
| main ()
| {
| if (sizeof ((int16_t)))
| 	  return 0;
|   ;
|   return 0;
| }
configure:9504: result: yes
configure:9516: checking for int32_t
configure:9544: gcc -c -g -O2  conftest.c >&5
configure:9551: $? = 0
configure:9578: gcc -c -g -O2  conftest.c >&5
conftest.c: In function 'main':
conftest.c:89: error: expected expression before ')' token
configure:9585: $? = 1
configure: failed program was:
| /* confdefs.h.  */
| #define PACKAGE_NAME ""
| #define PACKAGE_TARNAME ""
| #define PACKAGE_VERSION ""
| #define PACKAGE_STRING ""
| #define PACKAGE_BUGREPORT ""
| #define STDC_HEADERS 1
| #define HAVE_SYS_TYPES_H 1
| #define HAVE_SYS_STAT_H 1
| #define HAVE_STDLIB_H 1
| #define HAVE_STRING_H 1
| #define HAVE_MEMORY_H 1
| #define HAVE_STRINGS_H 1
| #define HAVE_INTTYPES_H 1
| #define HAVE_STDINT_H 1
| #define HAVE_UNISTD_H 1
| #define __EXTENSIONS__ 1
| #define _ALL_SOURCE 1
| #define _GNU_SOURCE 1
| #define _POSIX_PTHREAD_SEMANTICS 1
| #define _TANDEM_SOURCE 1
| #define STDC_HEADERS 1
| #define HAVE_STRING_H 1
| #define HAVE_STL 1
| #define CPP_REQUIRES_NAMESPACE 1
| #define HAVE_TCL_H 1
| #define HAVE_TCLINT_H 1
| #define HAVE_LIBTCL8_4 1
| #define HAVE_TK_H 1
| #define HAVE_LIBTK8_4 1
| #define HAVE_OTCL_H 1
| #define HAVE_LIBOTCL1_13 1
| #define HAVE_TCLCL_H 1
| #define HAVE_LIBTCLCL 1
| #define STDC_HEADERS 1
| #define HAVE_ARPA_INET_H 1
| #define HAVE_FENV_H 1
| #define HAVE_NETINET_IN_H 1
| #define HAVE_STRING_H 1
| #define HAVE_STRINGS_H 1
| #define HAVE_TIME_H 1
| #define HAVE_UNISTD_H 1
| #define HAVE_NET_ETHERNET_H 1
| #define HAVE_LIBM 1
| #define HAVE_BCOPY 1
| #define HAVE_BZERO 1
| #define HAVE_FEENABLEEXCEPT 1
| #define HAVE_GETRUSAGE 1
| #define HAVE_SBRK 1
| #define HAVE_SNPRINTF 1
| #define RANDOM_RETURN_TYPE long
| /* end confdefs.h.  */
| #include <stdio.h>
| #ifdef HAVE_SYS_TYPES_H
| # include <sys/types.h>
| #endif
| #ifdef HAVE_SYS_STAT_H
| # include <sys/stat.h>
| #endif
| #ifdef STDC_HEADERS
| # include <stdlib.h>
| # include <stddef.h>
| #else
| # ifdef HAVE_STDLIB_H
| #  include <stdlib.h>
| # endif
| #endif
| #ifdef HAVE_STRING_H
| # if !defined STDC_HEADERS && defined HAVE_MEMORY_H
| #  include <memory.h>
| # endif
| # include <string.h>
| #endif
| #ifdef HAVE_STRINGS_H
| # include <strings.h>
| #endif
| #ifdef HAVE_INTTYPES_H
| # include <inttypes.h>
| #endif
| #ifdef HAVE_STDINT_H
| # include <stdint.h>
| #endif
| #ifdef HAVE_UNISTD_H
| # include <unistd.h>
| #endif
| int
| main ()
| {
| if (sizeof ((int32_t)))
| 	  return 0;
|   ;
|   return 0;
| }
configure:9608: result: yes
configure:9620: checking for u_int8_t
configure:9648: gcc -c -g -O2  conftest.c >&5
configure:9655: $? = 0
configure:9682: gcc -c -g -O2  conftest.c >&5
conftest.c: In function 'main':
conftest.c:89: error: expected expression before ')' token
configure:9689: $? = 1
configure: failed program was:
| /* confdefs.h.  */
| #define PACKAGE_NAME ""
| #define PACKAGE_TARNAME ""
| #define PACKAGE_VERSION ""
| #define PACKAGE_STRING ""
| #define PACKAGE_BUGREPORT ""
| #define STDC_HEADERS 1
| #define HAVE_SYS_TYPES_H 1
| #define HAVE_SYS_STAT_H 1
| #define HAVE_STDLIB_H 1
| #define HAVE_STRING_H 1
| #define HAVE_MEMORY_H 1
| #define HAVE_STRINGS_H 1
| #define HAVE_INTTYPES_H 1
| #define HAVE_STDINT_H 1
| #define HAVE_UNISTD_H 1
| #define __EXTENSIONS__ 1
| #define _ALL_SOURCE 1
| #define _GNU_SOURCE 1
| #define _POSIX_PTHREAD_SEMANTICS 1
| #define _TANDEM_SOURCE 1
| #define STDC_HEADERS 1
| #define HAVE_STRING_H 1
| #define HAVE_STL 1
| #define CPP_REQUIRES_NAMESPACE 1
| #define HAVE_TCL_H 1
| #define HAVE_TCLINT_H 1
| #define HAVE_LIBTCL8_4 1
| #define HAVE_TK_H 1
| #define HAVE_LIBTK8_4 1
| #define HAVE_OTCL_H 1
| #define HAVE_LIBOTCL1_13 1
| #define HAVE_TCLCL_H 1
| #define HAVE_LIBTCLCL 1
| #define STDC_HEADERS 1
| #define HAVE_ARPA_INET_H 1
| #define HAVE_FENV_H 1
| #define HAVE_NETINET_IN_H 1
| #define HAVE_STRING_H 1
| #define HAVE_STRINGS_H 1
| #define HAVE_TIME_H 1
| #define HAVE_UNISTD_H 1
| #define HAVE_NET_ETHERNET_H 1
| #define HAVE_LIBM 1
| #define HAVE_BCOPY 1
| #define HAVE_BZERO 1
| #define HAVE_FEENABLEEXCEPT 1
| #define HAVE_GETRUSAGE 1
| #define HAVE_SBRK 1
| #define HAVE_SNPRINTF 1
| #define RANDOM_RETURN_TYPE long
| /* end confdefs.h.  */
| #include <stdio.h>
| #ifdef HAVE_SYS_TYPES_H
| # include <sys/types.h>
| #endif
| #ifdef HAVE_SYS_STAT_H
| # include <sys/stat.h>
| #endif
| #ifdef STDC_HEADERS
| # include <stdlib.h>
| # include <stddef.h>
| #else
| # ifdef HAVE_STDLIB_H
| #  include <stdlib.h>
| # endif
| #endif
| #ifdef HAVE_STRING_H
| # if !defined STDC_HEADERS && defined HAVE_MEMORY_H
| #  include <memory.h>
| # endif
| # include <string.h>
| #endif
| #ifdef HAVE_STRINGS_H
| # include <strings.h>
| #endif
| #ifdef HAVE_INTTYPES_H
| # include <inttypes.h>
| #endif
| #ifdef HAVE_STDINT_H
| # include <stdint.h>
| #endif
| #ifdef HAVE_UNISTD_H
| # include <unistd.h>
| #endif
| int
| main ()
| {
| if (sizeof ((u_int8_t)))
| 	  return 0;
|   ;
|   return 0;
| }
configure:9712: result: yes
configure:9724: checking for u_int16_t
configure:9752: gcc -c -g -O2  conftest.c >&5
configure:9759: $? = 0
configure:9786: gcc -c -g -O2  conftest.c >&5
conftest.c: In function 'main':
conftest.c:89: error: expected expression before ')' token
configure:9793: $? = 1
configure: failed program was:
| /* confdefs.h.  */
| #define PACKAGE_NAME ""
| #define PACKAGE_TARNAME ""
| #define PACKAGE_VERSION ""
| #define PACKAGE_STRING ""
| #define PACKAGE_BUGREPORT ""
| #define STDC_HEADERS 1
| #define HAVE_SYS_TYPES_H 1
| #define HAVE_SYS_STAT_H 1
| #define HAVE_STDLIB_H 1
| #define HAVE_STRING_H 1
| #define HAVE_MEMORY_H 1
| #define HAVE_STRINGS_H 1
| #define HAVE_INTTYPES_H 1
| #define HAVE_STDINT_H 1
| #define HAVE_UNISTD_H 1
| #define __EXTENSIONS__ 1
| #define _ALL_SOURCE 1
| #define _GNU_SOURCE 1
| #define _POSIX_PTHREAD_SEMANTICS 1
| #define _TANDEM_SOURCE 1
| #define STDC_HEADERS 1
| #define HAVE_STRING_H 1
| #define HAVE_STL 1
| #define CPP_REQUIRES_NAMESPACE 1
| #define HAVE_TCL_H 1
| #define HAVE_TCLINT_H 1
| #define HAVE_LIBTCL8_4 1
| #define HAVE_TK_H 1
| #define HAVE_LIBTK8_4 1
| #define HAVE_OTCL_H 1
| #define HAVE_LIBOTCL1_13 1
| #define HAVE_TCLCL_H 1
| #define HAVE_LIBTCLCL 1
| #define STDC_HEADERS 1
| #define HAVE_ARPA_INET_H 1
| #define HAVE_FENV_H 1
| #define HAVE_NETINET_IN_H 1
| #define HAVE_STRING_H 1
| #define HAVE_STRINGS_H 1
| #define HAVE_TIME_H 1
| #define HAVE_UNISTD_H 1
| #define HAVE_NET_ETHERNET_H 1
| #define HAVE_LIBM 1
| #define HAVE_BCOPY 1
| #define HAVE_BZERO 1
| #define HAVE_FEENABLEEXCEPT 1
| #define HAVE_GETRUSAGE 1
| #define HAVE_SBRK 1
| #define HAVE_SNPRINTF 1
| #define RANDOM_RETURN_TYPE long
| /* end confdefs.h.  */
| #include <stdio.h>
| #ifdef HAVE_SYS_TYPES_H
| # include <sys/types.h>
| #endif
| #ifdef HAVE_SYS_STAT_H
| # include <sys/stat.h>
| #endif
| #ifdef STDC_HEADERS
| # include <stdlib.h>
| # include <stddef.h>
| #else
| # ifdef HAVE_STDLIB_H
| #  include <stdlib.h>
| # endif
| #endif
| #ifdef HAVE_STRING_H
| # if !defined STDC_HEADERS && defined HAVE_MEMORY_H
| #  include <memory.h>
| # endif
| # include <string.h>
| #endif
| #ifdef HAVE_STRINGS_H
| # include <strings.h>
| #endif
| #ifdef HAVE_INTTYPES_H
| # include <inttypes.h>
| #endif
| #ifdef HAVE_STDINT_H
| # include <stdint.h>
| #endif
| #ifdef HAVE_UNISTD_H
| # include <unistd.h>
| #endif
| int
| main ()
| {
| if (sizeof ((u_int16_t)))
| 	  return 0;
|   ;
|   return 0;
| }
configure:9816: result: yes
configure:9828: checking for u_int32_t
configure:9856: gcc -c -g -O2  conftest.c >&5
configure:9863: $? = 0
configure:9890: gcc -c -g -O2  conftest.c >&5
conftest.c: In function 'main':
conftest.c:89: error: expected expression before ')' token
configure:9897: $? = 1
configure: failed program was:
| /* confdefs.h.  */
| #define PACKAGE_NAME ""
| #define PACKAGE_TARNAME ""
| #define PACKAGE_VERSION ""
| #define PACKAGE_STRING ""
| #define PACKAGE_BUGREPORT ""
| #define STDC_HEADERS 1
| #define HAVE_SYS_TYPES_H 1
| #define HAVE_SYS_STAT_H 1
| #define HAVE_STDLIB_H 1
| #define HAVE_STRING_H 1
| #define HAVE_MEMORY_H 1
| #define HAVE_STRINGS_H 1
| #define HAVE_INTTYPES_H 1
| #define HAVE_STDINT_H 1
| #define HAVE_UNISTD_H 1
| #define __EXTENSIONS__ 1
| #define _ALL_SOURCE 1
| #define _GNU_SOURCE 1
| #define _POSIX_PTHREAD_SEMANTICS 1
| #define _TANDEM_SOURCE 1
| #define STDC_HEADERS 1
| #define HAVE_STRING_H 1
| #define HAVE_STL 1
| #define CPP_REQUIRES_NAMESPACE 1
| #define HAVE_TCL_H 1
| #define HAVE_TCLINT_H 1
| #define HAVE_LIBTCL8_4 1
| #define HAVE_TK_H 1
| #define HAVE_LIBTK8_4 1
| #define HAVE_OTCL_H 1
| #define HAVE_LIBOTCL1_13 1
| #define HAVE_TCLCL_H 1
| #define HAVE_LIBTCLCL 1
| #define STDC_HEADERS 1
| #define HAVE_ARPA_INET_H 1
| #define HAVE_FENV_H 1
| #define HAVE_NETINET_IN_H 1
| #define HAVE_STRING_H 1
| #define HAVE_STRINGS_H 1
| #define HAVE_TIME_H 1
| #define HAVE_UNISTD_H 1
| #define HAVE_NET_ETHERNET_H 1
| #define HAVE_LIBM 1
| #define HAVE_BCOPY 1
| #define HAVE_BZERO 1
| #define HAVE_FEENABLEEXCEPT 1
| #define HAVE_GETRUSAGE 1
| #define HAVE_SBRK 1
| #define HAVE_SNPRINTF 1
| #define RANDOM_RETURN_TYPE long
| /* end confdefs.h.  */
| #include <stdio.h>
| #ifdef HAVE_SYS_TYPES_H
| # include <sys/types.h>
| #endif
| #ifdef HAVE_SYS_STAT_H
| # include <sys/stat.h>
| #endif
| #ifdef STDC_HEADERS
| # include <stdlib.h>
| # include <stddef.h>
| #else
| # ifdef HAVE_STDLIB_H
| #  include <stdlib.h>
| # endif
| #endif
| #ifdef HAVE_STRING_H
| # if !defined STDC_HEADERS && defined HAVE_MEMORY_H
| #  include <memory.h>
| # endif
| # include <string.h>
| #endif
| #ifdef HAVE_STRINGS_H
| # include <strings.h>
| #endif
| #ifdef HAVE_INTTYPES_H
| # include <inttypes.h>
| #endif
| #ifdef HAVE_STDINT_H
| # include <stdint.h>
| #endif
| #ifdef HAVE_UNISTD_H
| # include <unistd.h>
| #endif
| int
| main ()
| {
| if (sizeof ((u_int32_t)))
| 	  return 0;
|   ;
|   return 0;
| }
configure:9920: result: yes
configure:9932: checking for u_char
configure:9960: gcc -c -g -O2  conftest.c >&5
configure:9967: $? = 0
configure:9994: gcc -c -g -O2  conftest.c >&5
conftest.c: In function 'main':
conftest.c:89: error: expected expression before ')' token
configure:10001: $? = 1
configure: failed program was:
| /* confdefs.h.  */
| #define PACKAGE_NAME ""
| #define PACKAGE_TARNAME ""
| #define PACKAGE_VERSION ""
| #define PACKAGE_STRING ""
| #define PACKAGE_BUGREPORT ""
| #define STDC_HEADERS 1
| #define HAVE_SYS_TYPES_H 1
| #define HAVE_SYS_STAT_H 1
| #define HAVE_STDLIB_H 1
| #define HAVE_STRING_H 1
| #define HAVE_MEMORY_H 1
| #define HAVE_STRINGS_H 1
| #define HAVE_INTTYPES_H 1
| #define HAVE_STDINT_H 1
| #define HAVE_UNISTD_H 1
| #define __EXTENSIONS__ 1
| #define _ALL_SOURCE 1
| #define _GNU_SOURCE 1
| #define _POSIX_PTHREAD_SEMANTICS 1
| #define _TANDEM_SOURCE 1
| #define STDC_HEADERS 1
| #define HAVE_STRING_H 1
| #define HAVE_STL 1
| #define CPP_REQUIRES_NAMESPACE 1
| #define HAVE_TCL_H 1
| #define HAVE_TCLINT_H 1
| #define HAVE_LIBTCL8_4 1
| #define HAVE_TK_H 1
| #define HAVE_LIBTK8_4 1
| #define HAVE_OTCL_H 1
| #define HAVE_LIBOTCL1_13 1
| #define HAVE_TCLCL_H 1
| #define HAVE_LIBTCLCL 1
| #define STDC_HEADERS 1
| #define HAVE_ARPA_INET_H 1
| #define HAVE_FENV_H 1
| #define HAVE_NETINET_IN_H 1
| #define HAVE_STRING_H 1
| #define HAVE_STRINGS_H 1
| #define HAVE_TIME_H 1
| #define HAVE_UNISTD_H 1
| #define HAVE_NET_ETHERNET_H 1
| #define HAVE_LIBM 1
| #define HAVE_BCOPY 1
| #define HAVE_BZERO 1
| #define HAVE_FEENABLEEXCEPT 1
| #define HAVE_GETRUSAGE 1
| #define HAVE_SBRK 1
| #define HAVE_SNPRINTF 1
| #define RANDOM_RETURN_TYPE long
| /* end confdefs.h.  */
| #include <stdio.h>
| #ifdef HAVE_SYS_TYPES_H
| # include <sys/types.h>
| #endif
| #ifdef HAVE_SYS_STAT_H
| # include <sys/stat.h>
| #endif
| #ifdef STDC_HEADERS
| # include <stdlib.h>
| # include <stddef.h>
| #else
| # ifdef HAVE_STDLIB_H
| #  include <stdlib.h>
| # endif
| #endif
| #ifdef HAVE_STRING_H
| # if !defined STDC_HEADERS && defined HAVE_MEMORY_H
| #  include <memory.h>
| # endif
| # include <string.h>
| #endif
| #ifdef HAVE_STRINGS_H
| # include <strings.h>
| #endif
| #ifdef HAVE_INTTYPES_H
| # include <inttypes.h>
| #endif
| #ifdef HAVE_STDINT_H
| # include <stdint.h>
| #endif
| #ifdef HAVE_UNISTD_H
| # include <unistd.h>
| #endif
| int
| main ()
| {
| if (sizeof ((u_char)))
| 	  return 0;
|   ;
|   return 0;
| }
configure:10024: result: yes
configure:10036: checking for u_int
configure:10064: gcc -c -g -O2  conftest.c >&5
configure:10071: $? = 0
configure:10098: gcc -c -g -O2  conftest.c >&5
conftest.c: In function 'main':
conftest.c:89: error: expected expression before ')' token
configure:10105: $? = 1
configure: failed program was:
| /* confdefs.h.  */
| #define PACKAGE_NAME ""
| #define PACKAGE_TARNAME ""
| #define PACKAGE_VERSION ""
| #define PACKAGE_STRING ""
| #define PACKAGE_BUGREPORT ""
| #define STDC_HEADERS 1
| #define HAVE_SYS_TYPES_H 1
| #define HAVE_SYS_STAT_H 1
| #define HAVE_STDLIB_H 1
| #define HAVE_STRING_H 1
| #define HAVE_MEMORY_H 1
| #define HAVE_STRINGS_H 1
| #define HAVE_INTTYPES_H 1
| #define HAVE_STDINT_H 1
| #define HAVE_UNISTD_H 1
| #define __EXTENSIONS__ 1
| #define _ALL_SOURCE 1
| #define _GNU_SOURCE 1
| #define _POSIX_PTHREAD_SEMANTICS 1
| #define _TANDEM_SOURCE 1
| #define STDC_HEADERS 1
| #define HAVE_STRING_H 1
| #define HAVE_STL 1
| #define CPP_REQUIRES_NAMESPACE 1
| #define HAVE_TCL_H 1
| #define HAVE_TCLINT_H 1
| #define HAVE_LIBTCL8_4 1
| #define HAVE_TK_H 1
| #define HAVE_LIBTK8_4 1
| #define HAVE_OTCL_H 1
| #define HAVE_LIBOTCL1_13 1
| #define HAVE_TCLCL_H 1
| #define HAVE_LIBTCLCL 1
| #define STDC_HEADERS 1
| #define HAVE_ARPA_INET_H 1
| #define HAVE_FENV_H 1
| #define HAVE_NETINET_IN_H 1
| #define HAVE_STRING_H 1
| #define HAVE_STRINGS_H 1
| #define HAVE_TIME_H 1
| #define HAVE_UNISTD_H 1
| #define HAVE_NET_ETHERNET_H 1
| #define HAVE_LIBM 1
| #define HAVE_BCOPY 1
| #define HAVE_BZERO 1
| #define HAVE_FEENABLEEXCEPT 1
| #define HAVE_GETRUSAGE 1
| #define HAVE_SBRK 1
| #define HAVE_SNPRINTF 1
| #define RANDOM_RETURN_TYPE long
| /* end confdefs.h.  */
| #include <stdio.h>
| #ifdef HAVE_SYS_TYPES_H
| # include <sys/types.h>
| #endif
| #ifdef HAVE_SYS_STAT_H
| # include <sys/stat.h>
| #endif
| #ifdef STDC_HEADERS
| # include <stdlib.h>
| # include <stddef.h>
| #else
| # ifdef HAVE_STDLIB_H
| #  include <stdlib.h>
| # endif
| #endif
| #ifdef HAVE_STRING_H
| # if !defined STDC_HEADERS && defined HAVE_MEMORY_H
| #  include <memory.h>
| # endif
| # include <string.h>
| #endif
| #ifdef HAVE_STRINGS_H
| # include <strings.h>
| #endif
| #ifdef HAVE_INTTYPES_H
| # include <inttypes.h>
| #endif
| #ifdef HAVE_STDINT_H
| # include <stdint.h>
| #endif
| #ifdef HAVE_UNISTD_H
| # include <unistd.h>
| #endif
| int
| main ()
| {
| if (sizeof ((u_int)))
| 	  return 0;
|   ;
|   return 0;
| }
configure:10128: result: yes
configure:10147: checking for strtoq
configure:10203: gcc -o conftest -g -O2   conftest.c -lm  >&5
configure:10210: $? = 0
configure:10232: result: yes
configure:10147: checking for strtoll
configure:10203: gcc -o conftest -g -O2   conftest.c -lm  >&5
configure:10210: $? = 0
configure:10232: result: yes
configure:10253: checking size of long
configure:10558: gcc -o conftest -g -O2   conftest.c -lm  >&5
configure:10562: $? = 0
configure:10568: ./conftest
configure:10572: $? = 0
configure:10598: result: 4
configure:10699: checking for __int64_t
configure:10724: gcc -o conftest -g -O2   conftest.c -lm  >&5
conftest.c: In function 'main':
conftest.c:57: error: '__int64_t' undeclared (first use in this function)
conftest.c:57: error: (Each undeclared identifier is reported only once
conftest.c:57: error: for each function it appears in.)
conftest.c:57: error: expected ';' before 'x'
conftest.c:57: warning: incompatible implicit declaration of built-in function 'exit'
conftest.c:57: error: 'x' undeclared (first use in this function)
configure:10728: $? = 1
configure: program exited with status 1
configure: failed program was:
| /* confdefs.h.  */
| #define PACKAGE_NAME ""
| #define PACKAGE_TARNAME ""
| #define PACKAGE_VERSION ""
| #define PACKAGE_STRING ""
| #define PACKAGE_BUGREPORT ""
| #define STDC_HEADERS 1
| #define HAVE_SYS_TYPES_H 1
| #define HAVE_SYS_STAT_H 1
| #define HAVE_STDLIB_H 1
| #define HAVE_STRING_H 1
| #define HAVE_MEMORY_H 1
| #define HAVE_STRINGS_H 1
| #define HAVE_INTTYPES_H 1
| #define HAVE_STDINT_H 1
| #define HAVE_UNISTD_H 1
| #define __EXTENSIONS__ 1
| #define _ALL_SOURCE 1
| #define _GNU_SOURCE 1
| #define _POSIX_PTHREAD_SEMANTICS 1
| #define _TANDEM_SOURCE 1
| #define STDC_HEADERS 1
| #define HAVE_STRING_H 1
| #define HAVE_STL 1
| #define CPP_REQUIRES_NAMESPACE 1
| #define HAVE_TCL_H 1
| #define HAVE_TCLINT_H 1
| #define HAVE_LIBTCL8_4 1
| #define HAVE_TK_H 1
| #define HAVE_LIBTK8_4 1
| #define HAVE_OTCL_H 1
| #define HAVE_LIBOTCL1_13 1
| #define HAVE_TCLCL_H 1
| #define HAVE_LIBTCLCL 1
| #define STDC_HEADERS 1
| #define HAVE_ARPA_INET_H 1
| #define HAVE_FENV_H 1
| #define HAVE_NETINET_IN_H 1
| #define HAVE_STRING_H 1
| #define HAVE_STRINGS_H 1
| #define HAVE_TIME_H 1
| #define HAVE_UNISTD_H 1
| #define HAVE_NET_ETHERNET_H 1
| #define HAVE_LIBM 1
| #define HAVE_BCOPY 1
| #define HAVE_BZERO 1
| #define HAVE_FEENABLEEXCEPT 1
| #define HAVE_GETRUSAGE 1
| #define HAVE_SBRK 1
| #define HAVE_SNPRINTF 1
| #define RANDOM_RETURN_TYPE long
| #define HAVE_STRTOQ 1
| #define HAVE_STRTOLL 1
| #define SIZEOF_LONG 4
| /* end confdefs.h.  */
| 
| main() { __int64_t x; exit (sizeof(x) >= 8 ? 0 : 1); }
| 
configure:10755: result: no
configure:10761: checking for long long
configure:10786: gcc -o conftest -g -O2   conftest.c -lm  >&5
conftest.c: In function 'main':
conftest.c:57: warning: incompatible implicit declaration of built-in function 'exit'
configure:10790: $? = 0
configure:10796: ./conftest
configure:10800: $? = 0
configure:10817: result: yes
configure:10825: checking for int64_t
configure:10851: result: yes
configure:10862: checking which kind of 64-bit int to use
configure:10875: result: int64_t
configure:10948: checking system version (for dynamic loading)
configure:10968: result: Linux-2.6.32-4-pve
configure:10976: checking for dlopen in -ldl
configure:11011: gcc -o conftest -g -O2   conftest.c -ldl  -lm  >&5
configure:11018: $? = 0
configure:11039: result: yes
configure:11777: checking dlfcn.h usability
configure:11794: gcc -c -g -O2  conftest.c >&5
configure:11801: $? = 0
configure:11815: result: yes
configure:11819: checking dlfcn.h presence
configure:11834: gcc -E  conftest.c
configure:11841: $? = 0
configure:11855: result: yes
configure:11883: checking for dlfcn.h
configure:11890: result: yes
configure:11903: checking for ns library name
configure:11906: result: libns.so
configure:11916: checking for struct ether_header
configure:11949: gcc -c -g -O2  conftest.c >&5
configure:11956: $? = 0
configure:11966: result: found
configure:11982: checking for struct ether_addr
configure:12015: gcc -c -g -O2  conftest.c >&5
configure:12022: $? = 0
configure:12032: result: found
configure:12052: checking for addr2ascii
configure:12108: gcc -o conftest -g -O2   -Wl,-export-dynamic conftest.c -lm  >&5
/tmp/ccQ79se1.o: In function `main':
/home/barun/Desktop/ns2/_ns2_wimax_mannasim_bluetooth/ns-2.34/conftest.c:93: undefined reference to `addr2ascii'
collect2: ld returned 1 exit status
configure:12115: $? = 1
configure: failed program was:
| /* confdefs.h.  */
| #define PACKAGE_NAME ""
| #define PACKAGE_TARNAME ""
| #define PACKAGE_VERSION ""
| #define PACKAGE_STRING ""
| #define PACKAGE_BUGREPORT ""
| #define STDC_HEADERS 1
| #define HAVE_SYS_TYPES_H 1
| #define HAVE_SYS_STAT_H 1
| #define HAVE_STDLIB_H 1
| #define HAVE_STRING_H 1
| #define HAVE_MEMORY_H 1
| #define HAVE_STRINGS_H 1
| #define HAVE_INTTYPES_H 1
| #define HAVE_STDINT_H 1
| #define HAVE_UNISTD_H 1
| #define __EXTENSIONS__ 1
| #define _ALL_SOURCE 1
| #define _GNU_SOURCE 1
| #define _POSIX_PTHREAD_SEMANTICS 1
| #define _TANDEM_SOURCE 1
| #define STDC_HEADERS 1
| #define HAVE_STRING_H 1
| #define HAVE_STL 1
| #define CPP_REQUIRES_NAMESPACE 1
| #define HAVE_TCL_H 1
| #define HAVE_TCLINT_H 1
| #define HAVE_LIBTCL8_4 1
| #define HAVE_TK_H 1
| #define HAVE_LIBTK8_4 1
| #define HAVE_OTCL_H 1
| #define HAVE_LIBOTCL1_13 1
| #define HAVE_TCLCL_H 1
| #define HAVE_LIBTCLCL 1
| #define STDC_HEADERS 1
| #define HAVE_ARPA_INET_H 1
| #define HAVE_FENV_H 1
| #define HAVE_NETINET_IN_H 1
| #define HAVE_STRING_H 1
| #define HAVE_STRINGS_H 1
| #define HAVE_TIME_H 1
| #define HAVE_UNISTD_H 1
| #define HAVE_NET_ETHERNET_H 1
| #define HAVE_LIBM 1
| #define HAVE_BCOPY 1
| #define HAVE_BZERO 1
| #define HAVE_FEENABLEEXCEPT 1
| #define HAVE_GETRUSAGE 1
| #define HAVE_SBRK 1
| #define HAVE_SNPRINTF 1
| #define RANDOM_RETURN_TYPE long
| #define HAVE_STRTOQ 1
| #define HAVE_STRTOLL 1
| #define SIZEOF_LONG 4
| #define HAVE_INT64 1
| #define HAVE_ETHER_HEADER_STRUCT 1
| #define HAVE_ETHER_ADDRESS_STRUCT 1
| /* end confdefs.h.  */
| /* Define addr2ascii to an innocuous variant, in case <limits.h> declares addr2ascii.
|    For example, HP-UX 11i <limits.h> declares gettimeofday.  */
| #define addr2ascii innocuous_addr2ascii
| 
| /* System header to define __stub macros and hopefully few prototypes,
|     which can conflict with char addr2ascii (); below.
|     Prefer <limits.h> to <assert.h> if __STDC__ is defined, since
|     <limits.h> exists even on freestanding compilers.  */
| 
| #ifdef __STDC__
| # include <limits.h>
| #else
| # include <assert.h>
| #endif
| 
| #undef addr2ascii
| 
| /* Override any GCC internal prototype to avoid an error.
|    Use char because int might match the return type of a GCC
|    builtin and then its argument prototype would still apply.  */
| #ifdef __cplusplus
| extern "C"
| #endif
| char addr2ascii ();
| /* The GNU C library defines this for functions which it implements
|     to always fail with ENOSYS.  Some functions are actually named
|     something starting with __ and the normal name is an alias.  */
| #if defined __stub_addr2ascii || defined __stub___addr2ascii
| choke me
| #endif
| 
| int
| main ()
| {
| return addr2ascii ();
|   ;
|   return 0;
| }
configure:12137: result: no
configure:12175: gcc -o conftest -g -O2   -Wl,-export-dynamic conftest.c -lm  >&5
configure:12179: $? = 0
configure:12185: ./conftest
configure:12189: $? = 0
configure:12210: checking for Linux compliant tcphdr
configure:12244: gcc -c -g -O2  conftest.c >&5
configure:12251: $? = 0
configure:12258: result: found
configure:12274: checking for BSD compliant tcphdr
configure:12308: gcc -c -g -O2  conftest.c >&5
conftest.c: In function 'main':
conftest.c:71: error: 'struct tcphdr' has no member named 'th_sport'
configure:12315: $? = 1
configure: failed program was:
| /* confdefs.h.  */
| #define PACKAGE_NAME ""
| #define PACKAGE_TARNAME ""
| #define PACKAGE_VERSION ""
| #define PACKAGE_STRING ""
| #define PACKAGE_BUGREPORT ""
| #define STDC_HEADERS 1
| #define HAVE_SYS_TYPES_H 1
| #define HAVE_SYS_STAT_H 1
| #define HAVE_STDLIB_H 1
| #define HAVE_STRING_H 1
| #define HAVE_MEMORY_H 1
| #define HAVE_STRINGS_H 1
| #define HAVE_INTTYPES_H 1
| #define HAVE_STDINT_H 1
| #define HAVE_UNISTD_H 1
| #define __EXTENSIONS__ 1
| #define _ALL_SOURCE 1
| #define _GNU_SOURCE 1
| #define _POSIX_PTHREAD_SEMANTICS 1
| #define _TANDEM_SOURCE 1
| #define STDC_HEADERS 1
| #define HAVE_STRING_H 1
| #define HAVE_STL 1
| #define CPP_REQUIRES_NAMESPACE 1
| #define HAVE_TCL_H 1
| #define HAVE_TCLINT_H 1
| #define HAVE_LIBTCL8_4 1
| #define HAVE_TK_H 1
| #define HAVE_LIBTK8_4 1
| #define HAVE_OTCL_H 1
| #define HAVE_LIBOTCL1_13 1
| #define HAVE_TCLCL_H 1
| #define HAVE_LIBTCLCL 1
| #define STDC_HEADERS 1
| #define HAVE_ARPA_INET_H 1
| #define HAVE_FENV_H 1
| #define HAVE_NETINET_IN_H 1
| #define HAVE_STRING_H 1
| #define HAVE_STRINGS_H 1
| #define HAVE_TIME_H 1
| #define HAVE_UNISTD_H 1
| #define HAVE_NET_ETHERNET_H 1
| #define HAVE_LIBM 1
| #define HAVE_BCOPY 1
| #define HAVE_BZERO 1
| #define HAVE_FEENABLEEXCEPT 1
| #define HAVE_GETRUSAGE 1
| #define HAVE_SBRK 1
| #define HAVE_SNPRINTF 1
| #define RANDOM_RETURN_TYPE long
| #define HAVE_STRTOQ 1
| #define HAVE_STRTOLL 1
| #define SIZEOF_LONG 4
| #define HAVE_INT64 1
| #define HAVE_ETHER_HEADER_STRUCT 1
| #define HAVE_ETHER_ADDRESS_STRUCT 1
| #define HAVE_SIOCGIFHWADDR 1
| /* end confdefs.h.  */
| 
| #include <stdio.h>
| #include <netinet/tcp.h>
| 
| int
| main ()
| {
| 
| int main()
| {
| 	struct tcphdr *tcp;
| 	tcp->th_sport= 1;
| 
| 	return 0;
| }
| 
|   ;
|   return 0;
| }
configure:12330: result: not found
configure:12337: checking for socklen_t
configure:12365: gcc -c -g -O2  conftest.c >&5
configure:12372: $? = 0
configure:12388: result: yes
configure:12401: checking for main in -lpcap
configure:12430: gcc -o conftest -g -O2   -Wl,-export-dynamic conftest.c -lpcap  -lm  >&5
/usr/bin/ld: cannot find -lpcap
collect2: ld returned 1 exit status
configure:12437: $? = 1
configure: failed program was:
| /* confdefs.h.  */
| #define PACKAGE_NAME ""
| #define PACKAGE_TARNAME ""
| #define PACKAGE_VERSION ""
| #define PACKAGE_STRING ""
| #define PACKAGE_BUGREPORT ""
| #define STDC_HEADERS 1
| #define HAVE_SYS_TYPES_H 1
| #define HAVE_SYS_STAT_H 1
| #define HAVE_STDLIB_H 1
| #define HAVE_STRING_H 1
| #define HAVE_MEMORY_H 1
| #define HAVE_STRINGS_H 1
| #define HAVE_INTTYPES_H 1
| #define HAVE_STDINT_H 1
| #define HAVE_UNISTD_H 1
| #define __EXTENSIONS__ 1
| #define _ALL_SOURCE 1
| #define _GNU_SOURCE 1
| #define _POSIX_PTHREAD_SEMANTICS 1
| #define _TANDEM_SOURCE 1
| #define STDC_HEADERS 1
| #define HAVE_STRING_H 1
| #define HAVE_STL 1
| #define CPP_REQUIRES_NAMESPACE 1
| #define HAVE_TCL_H 1
| #define HAVE_TCLINT_H 1
| #define HAVE_LIBTCL8_4 1
| #define HAVE_TK_H 1
| #define HAVE_LIBTK8_4 1
| #define HAVE_OTCL_H 1
| #define HAVE_LIBOTCL1_13 1
| #define HAVE_TCLCL_H 1
| #define HAVE_LIBTCLCL 1
| #define STDC_HEADERS 1
| #define HAVE_ARPA_INET_H 1
| #define HAVE_FENV_H 1
| #define HAVE_NETINET_IN_H 1
| #define HAVE_STRING_H 1
| #define HAVE_STRINGS_H 1
| #define HAVE_TIME_H 1
| #define HAVE_UNISTD_H 1
| #define HAVE_NET_ETHERNET_H 1
| #define HAVE_LIBM 1
| #define HAVE_BCOPY 1
| #define HAVE_BZERO 1
| #define HAVE_FEENABLEEXCEPT 1
| #define HAVE_GETRUSAGE 1
| #define HAVE_SBRK 1
| #define HAVE_SNPRINTF 1
| #define RANDOM_RETURN_TYPE long
| #define HAVE_STRTOQ 1
| #define HAVE_STRTOLL 1
| #define SIZEOF_LONG 4
| #define HAVE_INT64 1
| #define HAVE_ETHER_HEADER_STRUCT 1
| #define HAVE_ETHER_ADDRESS_STRUCT 1
| #define HAVE_SIOCGIFHWADDR 1
| #define HAVE_SOCKLEN_T 1
| /* end confdefs.h.  */
| 
| 
| int
| main ()
| {
| return main ();
|   ;
|   return 0;
| }
configure:12458: result: no
configure:12467: checking to make nse
configure:12475: result: no
configure:12523: checking for dlopen in -ldl
configure:12586: result: yes
configure:12787: checking for a BSD-compatible install
configure:12855: result: /usr/bin/install -c
configure:12972: creating ./config.status

## ---------------------- ##
## Running config.status. ##
## ---------------------- ##

This file was extended by config.status, which was
generated by GNU Autoconf 2.63.  Invocation command line was

  CONFIG_FILES    = 
  CONFIG_HEADERS  = 
  CONFIG_LINKS    = 
  CONFIG_COMMANDS = 
  $ ./config.status 

on kharagpur

config.status:837: creating Makefile
config.status:837: creating tcl/lib/ns-autoconf.tcl
config.status:837: creating indep-utils/webtrace-conv/ucb/Makefile
config.status:837: creating indep-utils/webtrace-conv/dec/Makefile
config.status:837: creating indep-utils/webtrace-conv/nlanr/Makefile
config.status:837: creating indep-utils/webtrace-conv/epa/Makefile
config.status:837: creating indep-utils/cmu-scen-gen/setdest/Makefile
config.status:837: creating autoconf.h
config.status:1053: autoconf.h is unchanged

## ---------------- ##
## Cache variables. ##
## ---------------- ##

ac_cv_build=i686-pc-linux-gnu
ac_cv_c_compiler_gnu=yes
ac_cv_cxx_compiler_gnu=yes
ac_cv_env_CCC_set=
ac_cv_env_CCC_value=
ac_cv_env_CC_set=
ac_cv_env_CC_value=
ac_cv_env_CFLAGS_set=
ac_cv_env_CFLAGS_value=
ac_cv_env_CPPFLAGS_set=
ac_cv_env_CPPFLAGS_value=
ac_cv_env_CPP_set=
ac_cv_env_CPP_value=
ac_cv_env_CXXFLAGS_set=
ac_cv_env_CXXFLAGS_value=
ac_cv_env_CXX_set=
ac_cv_env_CXX_value=
ac_cv_env_LDFLAGS_set=
ac_cv_env_LDFLAGS_value=
ac_cv_env_LIBS_set=
ac_cv_env_LIBS_value=
ac_cv_env_build_alias_set=
ac_cv_env_build_alias_value=
ac_cv_env_host_alias_set=
ac_cv_env_host_alias_value=
ac_cv_env_target_alias_set=
ac_cv_env_target_alias_value=
ac_cv_func_addr2ascii=no
ac_cv_func_bcopy=yes
ac_cv_func_bzero=yes
ac_cv_func_feenableexcept=yes
ac_cv_func_fesetprecision=no
ac_cv_func_getrusage=yes
ac_cv_func_sbrk=yes
ac_cv_func_snprintf=yes
ac_cv_func_strtoll=yes
ac_cv_func_strtoq=yes
ac_cv_header_arpa_inet_h=yes
ac_cv_header_dlfcn_h=yes
ac_cv_header_fenv_h=yes
ac_cv_header_inttypes_h=yes
ac_cv_header_memory_h=yes
ac_cv_header_minix_config_h=no
ac_cv_header_net_ethernet_h=yes
ac_cv_header_netinet_in_h=yes
ac_cv_header_stdc=yes
ac_cv_header_stdint_h=yes
ac_cv_header_stdlib_h=yes
ac_cv_header_string_h=yes
ac_cv_header_strings_h=yes
ac_cv_header_sys_stat_h=yes
ac_cv_header_sys_types_h=yes
ac_cv_header_time_h=yes
ac_cv_header_unistd_h=yes
ac_cv_host=i686-pc-linux-gnu
ac_cv_lib_X11_XOpenDisplay=yes
ac_cv_lib_Xbsd_main=no
ac_cv_lib_Xext_XShmAttach=yes
ac_cv_lib_dl_dlopen=yes
ac_cv_lib_dnet_stub_getnodebyname=no
ac_cv_lib_intl_dcgettext=no
ac_cv_lib_m_main=yes
ac_cv_lib_nsl_gethostbyname=yes
ac_cv_lib_pcap_main=no
ac_cv_lib_socket_socket=no
ac_cv_objext=o
ac_cv_path_EGREP='/bin/grep -E'
ac_cv_path_GREP=/bin/grep
ac_cv_path_V_TCLSH=/usr/local/bin/tclsh8.4
ac_cv_path_install='/usr/bin/install -c'
ac_cv_prog_CPP='gcc -E'
ac_cv_prog_ac_ct_CC=gcc
ac_cv_prog_ac_ct_CXX=g++
ac_cv_prog_cc_c89=
ac_cv_prog_cc_g=yes
ac_cv_prog_cxx_g=yes
ac_cv_safe_to_define___extensions__=yes
ac_cv_sizeof_long=4
ac_cv_target=i686-pc-linux-gnu
ac_cv_type_int16_t=yes
ac_cv_type_int32_t=yes
ac_cv_type_int64_t=yes
ac_cv_type_int8_t=yes
ac_cv_type_socklen_t=yes
ac_cv_type_u_char=yes
ac_cv_type_u_int16_t=yes
ac_cv_type_u_int32_t=yes
ac_cv_type_u_int8_t=yes
ac_cv_type_u_int=yes
nsnam_cv_int64_t_HAVE_LONG_LONG=yes
nsnam_cv_int64_t_HAVE___INT64_T=no

## ----------------- ##
## Output variables. ##
## ----------------- ##

CC='gcc'
CFLAGS='-g -O2'
CPP='gcc -E'
CPPFLAGS=''
CPP_NAMESPACE='std'
CXX='g++'
CXXFLAGS='-g -O2'
DEFS='-DHAVE_CONFIG_H'
DL_LD_FLAGS='-rdynamic'
DL_LD_SEARCH_FLAGS=''
DL_LIBS='-ldl'
ECHO_C=''
ECHO_N='-n'
ECHO_T=''
EGREP='/bin/grep -E'
EXEEXT=''
GREP='/bin/grep'
INSTALL_DATA='${INSTALL} -m 644'
INSTALL_PROGRAM='${INSTALL}'
INSTALL_SCRIPT='${INSTALL}'
LDFLAGS=' -Wl,-export-dynamic'
LIBOBJS=''
LIBS='-lm '
LTLIBOBJS=''
NSLIB='libns.so'
OBJEXT='o'
PACKAGE_BUGREPORT=''
PACKAGE_NAME=''
PACKAGE_STRING=''
PACKAGE_TARNAME=''
PACKAGE_VERSION=''
PATH_SEPARATOR=':'
PERL='/usr/bin/perl'
PKG_SHLIB_CFLAGS=''
SHELL='/bin/bash'
SHLIB_CFLAGS='-fPIC'
SHLIB_LD='gcc -shared'
SHLIB_LD_LIBS=''
SHLIB_SUFFIX='.so'
V_ALL=''
V_AR='ar cr'
V_BROKEN_OBJ=''
V_CCOPT=' -Wall -Wno-write-strings'
V_DEFINE='-DTCLCL_CLASSINSTVAR  -DNDEBUG -DLINUX_TCP_HEADER -DUSE_SHM'
V_DEFINES='-DHAVE_LIBTCLCL -DHAVE_TCLCL_H -DHAVE_LIBOTCL1_13 -DHAVE_OTCL_H -DHAVE_LIBTK8_4 -DHAVE_TK_H -DHAVE_LIBTCL8_4 -DHAVE_TCLINT_H -DHAVE_TCL_H '
V_IMPORT_LIBS=''
V_INCLUDE=''
V_INCLUDES='-I/usr/local/include -I/usr/local/include -I/usr/local/include -I/home/barun/Desktop/ns2/tcl8.4.19/generic -I/home/barun/Desktop/ns2/tcl8.4.19/generic -I/usr/include/pcap'
V_INCLUDE_X11=''
V_LIB=' -lnsl -ldl'
V_LIBRARY_TCL='/usr/local/lib/tcl8.4'
V_LIBRARY_TK='/usr/local/lib/tk8.4'
V_LIBS='-L/usr/local/lib -ltclcl -L/usr/local/lib -lotcl -L/usr/local/lib -ltk8.4 -L/home/barun/Desktop/ns2/tcl8.4.19/unix -ltcl8.4'
V_LIB_OTCL='-L/usr/local/lib -lotcl'
V_LIB_TCL='-L/home/barun/Desktop/ns2/tcl8.4.19/unix -ltcl8.4'
V_LIB_TCLCL='-L/usr/local/lib -ltclcl'
V_LIB_TK='-L/usr/local/lib -ltk8.4'
V_LIB_X11='-lXext -lX11'
V_LSSCRIPT=''
V_NS_TCL_LIB_STL='$(NS_TCL_LIB_STL)'
V_OBJ=''
V_OBJ_CRYPT=''
V_RANLIB='ranlib'
V_SHELL=''
V_SIGRET='void'
V_STATIC=''
V_STLOBJ='$(OBJ_STL)'
V_TARCMD='tar cfh'
V_TAR_EXTRA=''
V_TAR_TARGET='linux-gnu'
V_TCL2CPP='/usr/local/bin/tcl2c++'
V_TCLSH='/usr/local/bin/tclsh8.4'
V_TCL_LIBRARY_FILES='$(TCL_BASE_LIBRARY_FILES) /usr/local/lib/tcl8.4/http1.0/http.tcl'
V_TKDOSNAMES='$(LIBRARY_TK)/optMenu.tcl $(LIBRARY_TK)/scrlbar.tcl'
ac_ct_CC='gcc'
ac_ct_CXX='g++'
bindir='${exec_prefix}/bin'
build='i686-pc-linux-gnu'
build_alias=''
build_cpu='i686'
build_nse=''
build_os='linux-gnu'
build_vendor='pc'
datadir='${datarootdir}'
datarootdir='${prefix}/share'
docdir='${datarootdir}/doc/${PACKAGE}'
dvidir='${docdir}'
exec_prefix='${prefix}'
host='i686-pc-linux-gnu'
host_alias=''
host_cpu='i686'
host_os='linux-gnu'
host_vendor='pc'
htmldir='${docdir}'
includedir='${prefix}/include'
infodir='${datarootdir}/info'
libdir='${exec_prefix}/lib'
libexecdir='${exec_prefix}/libexec'
localedir='${datarootdir}/locale'
localstatedir='${prefix}/var'
mandir='${datarootdir}/man'
oldincludedir='/usr/include'
pdfdir='${docdir}'
prefix='/usr/local'
program_transform_name='s,x,x,'
psdir='${docdir}'
sbindir='${exec_prefix}/sbin'
sharedstatedir='${prefix}/com'
sysconfdir='${prefix}/etc'
target='i686-pc-linux-gnu'
target_alias=''
target_cpu='i686'
target_os='linux-gnu'
target_vendor='pc'

## ----------- ##
## confdefs.h. ##
## ----------- ##

#define PACKAGE_NAME ""
#define PACKAGE_TARNAME ""
#define PACKAGE_VERSION ""
#define PACKAGE_STRING ""
#define PACKAGE_BUGREPORT ""
#define STDC_HEADERS 1
#define HAVE_SYS_TYPES_H 1
#define HAVE_SYS_STAT_H 1
#define HAVE_STDLIB_H 1
#define HAVE_STRING_H 1
#define HAVE_MEMORY_H 1
#define HAVE_STRINGS_H 1
#define HAVE_INTTYPES_H 1
#define HAVE_STDINT_H 1
#define HAVE_UNISTD_H 1
#define __EXTENSIONS__ 1
#define _ALL_SOURCE 1
#define _GNU_SOURCE 1
#define _POSIX_PTHREAD_SEMANTICS 1
#define _TANDEM_SOURCE 1
#define STDC_HEADERS 1
#define HAVE_STRING_H 1
#define HAVE_STL 1
#define CPP_REQUIRES_NAMESPACE 1
#define HAVE_TCL_H 1
#define HAVE_TCLINT_H 1
#define HAVE_LIBTCL8_4 1
#define HAVE_TK_H 1
#define HAVE_LIBTK8_4 1
#define HAVE_OTCL_H 1
#define HAVE_LIBOTCL1_13 1
#define HAVE_TCLCL_H 1
#define HAVE_LIBTCLCL 1
#define STDC_HEADERS 1
#define HAVE_ARPA_INET_H 1
#define HAVE_FENV_H 1
#define HAVE_NETINET_IN_H 1
#define HAVE_STRING_H 1
#define HAVE_STRINGS_H 1
#define HAVE_TIME_H 1
#define HAVE_UNISTD_H 1
#define HAVE_NET_ETHERNET_H 1
#define HAVE_LIBM 1
#define HAVE_BCOPY 1
#define HAVE_BZERO 1
#define HAVE_FEENABLEEXCEPT 1
#define HAVE_GETRUSAGE 1
#define HAVE_SBRK 1
#define HAVE_SNPRINTF 1
#define RANDOM_RETURN_TYPE long
#define HAVE_STRTOQ 1
#define HAVE_STRTOLL 1
#define SIZEOF_LONG 4
#define HAVE_INT64 1
#define HAVE_ETHER_HEADER_STRUCT 1
#define HAVE_ETHER_ADDRESS_STRUCT 1
#define HAVE_SIOCGIFHWADDR 1
#define HAVE_SOCKLEN_T 1

configure: exit 0
